<?xml version="1.0" encoding="UTF-8"?>
<!-- Generated by org.testng.reporters.JUnitReportReporter -->
<testsuite hostname="DESKTOP-LGUGMKA" failures="0" tests="1" name="Api_test_cases.thirdapi" time="1.640" errors="0" timestamp="2024-09-20T20:32:14 IST" skipped="0">
  <testcase classname="Api_test_cases.thirdapi" name="test_alldata" time="1.640"/>
</testsuite> <!-- Api_test_cases.thirdapi -->
